<?xml version="1.0" encoding="UTF-8"?>
<!-- Generated by org.testng.reporters.JUnitReportReporter -->
<testsuite hostname="Manoj" failures="0" tests="1" name="com.sgtesting.demotest.NewTest1" time="1.702" errors="0" timestamp="2022-09-21T17:01:56 IST" skipped="0">
  <testcase classname="com.sgtesting.demotest.NewTest1" name="launchbrowser" time="1.702"/>
  <system-out/>
</testsuite> <!-- com.sgtesting.demotest.NewTest1 -->
